<?xml version="1.0" encoding="UTF-8"?>
<!-- Generated by org.testng.reporters.JUnitXMLReporter -->
<testsuite ignored="0" hostname="jochandu" failures="0" tests="4" name="Test" time="67.279" errors="0" timestamp="2021-07-29T08:38:45 BST">
  <testcase classname="practise2.OnlineOrderE2E" name="OnlineOrdere2e" time="30.71"/>
  <testcase classname="practise2.OnlineOrderE2E" name="signin" time="3.559"/>
  <testcase classname="practise2.OnlineOrderE2E" name="Addressdetails" time="25.718"/>
  <testcase classname="practise2.OnlineOrderE2E" name="contactus" time="2.144"/>
</testsuite> <!-- Test -->
