<?xml version="1.0" encoding="UTF-8"?>
<testng-results ignored="0" total="4" passed="4" failed="0" skipped="0">
  <reporter-output>
  </reporter-output>
  <suite started-at="2021-07-29T08:37:38 BST" name="Suite" finished-at="2021-07-29T08:38:45 BST" duration-ms="67279">
    <groups>
    </groups>
    <test started-at="2021-07-29T08:37:38 BST" name="Test" finished-at="2021-07-29T08:38:45 BST" duration-ms="67279">
      <class name="practise2.OnlineOrderE2E">
        <test-method is-config="true" signature="Openbrowser()[pri:0, instance:practise2.OnlineOrderE2E@3bd40a57]" started-at="2021-07-29T08:37:38 BST" name="Openbrowser" finished-at="2021-07-29T08:37:43 BST" duration-ms="5067" status="PASS">
          <reporter-output>
          </reporter-output>
        </test-method> <!-- Openbrowser -->
        <test-method signature="OnlineOrdere2e()[pri:1, instance:practise2.OnlineOrderE2E@3bd40a57]" started-at="2021-07-29T08:37:43 BST" name="OnlineOrdere2e" finished-at="2021-07-29T08:38:13 BST" duration-ms="30710" status="PASS">
          <reporter-output>
          </reporter-output>
        </test-method> <!-- OnlineOrdere2e -->
        <test-method signature="signin()[pri:2, instance:practise2.OnlineOrderE2E@3bd40a57]" started-at="2021-07-29T08:38:13 BST" name="signin" finished-at="2021-07-29T08:38:17 BST" duration-ms="3559" status="PASS">
          <reporter-output>
          </reporter-output>
        </test-method> <!-- signin -->
        <test-method signature="Addressdetails()[pri:3, instance:practise2.OnlineOrderE2E@3bd40a57]" started-at="2021-07-29T08:38:17 BST" name="Addressdetails" finished-at="2021-07-29T08:38:43 BST" duration-ms="25718" status="PASS">
          <reporter-output>
          </reporter-output>
        </test-method> <!-- Addressdetails -->
        <test-method signature="contactus()[pri:4, instance:practise2.OnlineOrderE2E@3bd40a57]" started-at="2021-07-29T08:38:43 BST" name="contactus" finished-at="2021-07-29T08:38:45 BST" duration-ms="2144" status="PASS">
          <reporter-output>
          </reporter-output>
        </test-method> <!-- contactus -->
        <test-method is-config="true" signature="closebrowser()[pri:0, instance:practise2.OnlineOrderE2E@3bd40a57]" started-at="2021-07-29T08:38:45 BST" name="closebrowser" finished-at="2021-07-29T08:38:45 BST" duration-ms="52" status="PASS">
          <reporter-output>
          </reporter-output>
        </test-method> <!-- closebrowser -->
      </class> <!-- practise2.OnlineOrderE2E -->
    </test> <!-- Test -->
  </suite> <!-- Suite -->
</testng-results>
